<?xml version="1.0" encoding="UTF-8"?>
<!-- Generated by org.testng.reporters.JUnitXMLReporter -->
<testsuite hostname="DESKTOP-6QGG5LL" ignored="0" tests="11" failures="0" timestamp="19 mar 2021 03:03:53 GMT" time="9.415" errors="0">
  <testcase name="Test_Creat_Comment_Success" time="0.506" classname="CommentTest"/>
  <testcase name="Test_Creat_Comment_Unsuccessful" time="0.497" classname="CommentTest"/>
  <testcase name="Test_Delete_Comment_Success" time="0.551" classname="CommentTest"/>
  <testcase name="Test_Delete_Comment_Unsuccessful" time="0.532" classname="CommentTest"/>
  <testcase name="Test_Get_All_Comments_Success" time="0.552" classname="CommentTest"/>
  <testcase name="Test_Get_All_Comments_Unsuccessful" time="1.175" classname="CommentTest"/>
  <testcase name="Test_One_Comment_Success" time="0.599" classname="CommentTest"/>
  <testcase name="Test_One_Comment_Unsuccessful" time="0.539" classname="CommentTest"/>
  <testcase name="Test_Update_Comment_Success" time="0.5" classname="CommentTest"/>
  <testcase name="Test_Update_Comment_Unsuccessful" time="0.528" classname="CommentTest"/>
  <testcase name="Test_last_Comments_created" time="0.592" classname="CommentTest"/>
</testsuite>
