<?xml version="1.0" encoding="UTF-8"?>
<!-- Generated by org.testng.reporters.JUnitXMLReporter -->
<testsuite hostname="DESKTOP-6QGG5LL" ignored="0" tests="11" failures="0" timestamp="19 mar 2021 03:03:58 GMT" time="18.082" errors="0">
  <testcase name="Test_Creat_Post_Success" time="2.422" classname="PostTests"/>
  <testcase name="Test_Creat_Post_Unsuccessful" time="1.435" classname="PostTests"/>
  <testcase name="Test_Delete_Post_Success" time="1.402" classname="PostTests"/>
  <testcase name="Test_Delete_Post_Unsuccessful" time="1.228" classname="PostTests"/>
  <testcase name="Test_Get_All_Post_Success" time="1.462" classname="PostTests"/>
  <testcase name="Test_Get_All_Post_Unsuccessful" time="0.544" classname="PostTests"/>
  <testcase name="Test_One_Post_Success" time="1.247" classname="PostTests"/>
  <testcase name="Test_One_Post_Unsuccessful" time="1.417" classname="PostTests"/>
  <testcase name="Test_Update_Post_Success" time="1.444" classname="PostTests"/>
  <testcase name="Test_Update_Post_Unsuccessful" time="1.292" classname="PostTests"/>
  <testcase name="Test_last_Post_created" time="1.254" classname="PostTests"/>
</testsuite>
